[     500ms] [LOG] [Fast Refresh] rebuilding @ http://localhost:3000/_next/static/chunks/31d7c_next_dist_cfe6ce47._.js:2297
[    1719ms] [LOG] [Fast Refresh] done in 1320ms @ http://localhost:3000/_next/static/chunks/31d7c_next_dist_cfe6ce47._.js:2297
[    2451ms] [INFO] %cDownload the React DevTools for a better development experience: https://react.dev/link/react-devtools font-weight:bold @ http://localhost:3000/_next/static/chunks/31d7c_next_dist_cfe6ce47._.js:2297
[    2483ms] [LOG] [HMR] connected @ http://localhost:3000/_next/static/chunks/31d7c_next_dist_cfe6ce47._.js:2297
[    3020ms] [LOG] [Fast Refresh] rebuilding @ http://localhost:3000/_next/static/chunks/31d7c_next_dist_cfe6ce47._.js:2297
[    3129ms] [LOG] [Fast Refresh] done in 216ms @ http://localhost:3000/_next/static/chunks/31d7c_next_dist_cfe6ce47._.js:2297
[  111333ms] [LOG] [Fast Refresh] rebuilding @ http://localhost:3000/_next/static/chunks/31d7c_next_dist_cfe6ce47._.js:2297
[  111401ms] [LOG] [Fast Refresh] done in 178ms @ http://localhost:3000/_next/static/chunks/31d7c_next_dist_cfe6ce47._.js:2297
[  117672ms] [LOG] [Fast Refresh] rebuilding @ http://localhost:3000/_next/static/chunks/31d7c_next_dist_cfe6ce47._.js:2297
[  117731ms] [LOG] [Fast Refresh] done in 159ms @ http://localhost:3000/_next/static/chunks/31d7c_next_dist_cfe6ce47._.js:2297
[  414092ms] [LOG] [Fast Refresh] rebuilding @ http://localhost:3000/_next/static/chunks/31d7c_next_dist_cfe6ce47._.js:2297
[  414192ms] [LOG] [Fast Refresh] done in 201ms @ http://localhost:3000/_next/static/chunks/31d7c_next_dist_cfe6ce47._.js:2297
[  650308ms] [LOG] [Fast Refresh] rebuilding @ http://localhost:3000/_next/static/chunks/31d7c_next_dist_cfe6ce47._.js:2297
[  650355ms] [LOG] [Fast Refresh] done in 154ms @ http://localhost:3000/_next/static/chunks/31d7c_next_dist_cfe6ce47._.js:2297
[  739476ms] [LOG] [Fast Refresh] rebuilding @ http://localhost:3000/_next/static/chunks/31d7c_next_dist_cfe6ce47._.js:2297
[  739554ms] [LOG] [Fast Refresh] done in 185ms @ http://localhost:3000/_next/static/chunks/31d7c_next_dist_cfe6ce47._.js:2297
[  849119ms] [LOG] [Fast Refresh] rebuilding @ http://localhost:3000/_next/static/chunks/31d7c_next_dist_cfe6ce47._.js:2297
[  849124ms] [LOG] [Fast Refresh] done in 105ms @ http://localhost:3000/_next/static/chunks/31d7c_next_dist_cfe6ce47._.js:2297
[  890734ms] [LOG] [Fast Refresh] rebuilding @ http://localhost:3000/_next/static/chunks/31d7c_next_dist_cfe6ce47._.js:2297
[  890781ms] [LOG] [Fast Refresh] done in 153ms @ http://localhost:3000/_next/static/chunks/31d7c_next_dist_cfe6ce47._.js:2297
[  995885ms] [LOG] [Fast Refresh] rebuilding @ http://localhost:3000/_next/static/chunks/31d7c_next_dist_cfe6ce47._.js:2297
[  996085ms] [LOG] [Fast Refresh] done in 205ms @ http://localhost:3000/_next/static/chunks/31d7c_next_dist_cfe6ce47._.js:2297
[ 1011284ms] [LOG] [Fast Refresh] rebuilding @ http://localhost:3000/_next/static/chunks/31d7c_next_dist_cfe6ce47._.js:2297
[ 1011417ms] [LOG] [Fast Refresh] done in 195ms @ http://localhost:3000/_next/static/chunks/31d7c_next_dist_cfe6ce47._.js:2297
