[      71ms] [INFO] %cDownload the React DevTools for a better development experience: https://react.dev/link/react-devtools font-weight:bold @ http://localhost:3000/_next/static/chunks/31d7c_next_dist_cfe6ce47._.js:2297
[     106ms] [LOG] [HMR] connected @ http://localhost:3000/_next/static/chunks/31d7c_next_dist_cfe6ce47._.js:2297
[    6165ms] [LOG] [Fast Refresh] rebuilding @ http://localhost:3000/_next/static/chunks/31d7c_next_dist_cfe6ce47._.js:2297
[    6233ms] [LOG] [Fast Refresh] done in 178ms @ http://localhost:3000/_next/static/chunks/31d7c_next_dist_cfe6ce47._.js:2297
[    6373ms] [INFO] %cDownload the React DevTools for a better development experience: https://react.dev/link/react-devtools font-weight:bold @ http://localhost:3000/_next/static/chunks/31d7c_next_dist_cfe6ce47._.js:2297
[    6387ms] [LOG] [HMR] connected @ http://localhost:3000/_next/static/chunks/31d7c_next_dist_cfe6ce47._.js:2297
[    6459ms] [WARNING] Image with src "/images/1-2.jpg" is using quality "90" which is not configured in images.qualities [70, 70, 70, 70, 70, 70, 70, 70, 70, 70, 70, 70, 70, 70, 70, 70, 70, 70, 70, 70, 70, 70, 70, 70, 70, 70, 70, 70, 70, 70, 70, 70, 70, 70, 70, 70, 70, 70, 70, 70, 70, 70, 70, 70, 70, 70, 70, 70, 70, 70, 70, 70, 70, 70, 70, 70, 70, 70, 70, 70, 75]. Please update your config to [70, 70, 70, 70, 70, 70, 70, 70, 70, 70, 70, 70, 70, 70, 70, 70, 70, 70, 70, 70, 70, 70, 70, 70, 70, 70, 70, 70, 70, 70, 70, 70, 70, 70, 70, 70, 70, 70, 70, 70, 70, 70, 70, 70, 70, 70, 70, 70, 70, 70, 70, 70, 70, 70, 70, 70, 70, 70, 70, 70, 75, 90].
Read more: https://nextjs.org/docs/messages/next-image-unconfigured-qualities @ http://localhost:3000/_next/static/chunks/31d7c_next_dist_cfe6ce47._.js:2297
[    6459ms] [WARNING] Image with src "/images/File_010.jpeg" is using quality "90" which is not configured in images.qualities [70, 70, 70, 70, 70, 70, 70, 70, 70, 70, 70, 70, 70, 70, 70, 70, 70, 70, 70, 70, 70, 70, 70, 70, 70, 70, 70, 70, 70, 70, 70, 70, 70, 70, 70, 70, 70, 70, 70, 70, 70, 70, 70, 70, 70, 70, 70, 70, 70, 70, 70, 70, 70, 70, 70, 70, 70, 70, 70, 70, 75]. Please update your config to [70, 70, 70, 70, 70, 70, 70, 70, 70, 70, 70, 70, 70, 70, 70, 70, 70, 70, 70, 70, 70, 70, 70, 70, 70, 70, 70, 70, 70, 70, 70, 70, 70, 70, 70, 70, 70, 70, 70, 70, 70, 70, 70, 70, 70, 70, 70, 70, 70, 70, 70, 70, 70, 70, 70, 70, 70, 70, 70, 70, 75, 90].
Read more: https://nextjs.org/docs/messages/next-image-unconfigured-qualities @ http://localhost:3000/_next/static/chunks/31d7c_next_dist_cfe6ce47._.js:2297
[    6460ms] [WARNING] Image with src "/images/PHOTO-2025-12-02-18-26-42 (5).jpg" is using quality "90" which is not configured in images.qualities [70, 70, 70, 70, 70, 70, 70, 70, 70, 70, 70, 70, 70, 70, 70, 70, 70, 70, 70, 70, 70, 70, 70, 70, 70, 70, 70, 70, 70, 70, 70, 70, 70, 70, 70, 70, 70, 70, 70, 70, 70, 70, 70, 70, 70, 70, 70, 70, 70, 70, 70, 70, 70, 70, 70, 70, 70, 70, 70, 70, 75]. Please update your config to [70, 70, 70, 70, 70, 70, 70, 70, 70, 70, 70, 70, 70, 70, 70, 70, 70, 70, 70, 70, 70, 70, 70, 70, 70, 70, 70, 70, 70, 70, 70, 70, 70, 70, 70, 70, 70, 70, 70, 70, 70, 70, 70, 70, 70, 70, 70, 70, 70, 70, 70, 70, 70, 70, 70, 70, 70, 70, 70, 70, 75, 90].
Read more: https://nextjs.org/docs/messages/next-image-unconfigured-qualities @ http://localhost:3000/_next/static/chunks/31d7c_next_dist_cfe6ce47._.js:2297
[    6461ms] [WARNING] Image with src "/images/Mamalou Kitchen - 165.jpg" is using quality "90" which is not configured in images.qualities [70, 70, 70, 70, 70, 70, 70, 70, 70, 70, 70, 70, 70, 70, 70, 70, 70, 70, 70, 70, 70, 70, 70, 70, 70, 70, 70, 70, 70, 70, 70, 70, 70, 70, 70, 70, 70, 70, 70, 70, 70, 70, 70, 70, 70, 70, 70, 70, 70, 70, 70, 70, 70, 70, 70, 70, 70, 70, 70, 70, 75]. Please update your config to [70, 70, 70, 70, 70, 70, 70, 70, 70, 70, 70, 70, 70, 70, 70, 70, 70, 70, 70, 70, 70, 70, 70, 70, 70, 70, 70, 70, 70, 70, 70, 70, 70, 70, 70, 70, 70, 70, 70, 70, 70, 70, 70, 70, 70, 70, 70, 70, 70, 70, 70, 70, 70, 70, 70, 70, 70, 70, 70, 70, 75, 90].
Read more: https://nextjs.org/docs/messages/next-image-unconfigured-qualities @ http://localhost:3000/_next/static/chunks/31d7c_next_dist_cfe6ce47._.js:2297
[    6461ms] [WARNING] Image with src "/images/File_001.jpeg" is using quality "90" which is not configured in images.qualities [70, 70, 70, 70, 70, 70, 70, 70, 70, 70, 70, 70, 70, 70, 70, 70, 70, 70, 70, 70, 70, 70, 70, 70, 70, 70, 70, 70, 70, 70, 70, 70, 70, 70, 70, 70, 70, 70, 70, 70, 70, 70, 70, 70, 70, 70, 70, 70, 70, 70, 70, 70, 70, 70, 70, 70, 70, 70, 70, 70, 75]. Please update your config to [70, 70, 70, 70, 70, 70, 70, 70, 70, 70, 70, 70, 70, 70, 70, 70, 70, 70, 70, 70, 70, 70, 70, 70, 70, 70, 70, 70, 70, 70, 70, 70, 70, 70, 70, 70, 70, 70, 70, 70, 70, 70, 70, 70, 70, 70, 70, 70, 70, 70, 70, 70, 70, 70, 70, 70, 70, 70, 70, 70, 75, 90].
Read more: https://nextjs.org/docs/messages/next-image-unconfigured-qualities @ http://localhost:3000/_next/static/chunks/31d7c_next_dist_cfe6ce47._.js:2297
[    6461ms] [WARNING] Image with src "/images/Mamalou Kitchen - 67.jpg" is using quality "90" which is not configured in images.qualities [70, 70, 70, 70, 70, 70, 70, 70, 70, 70, 70, 70, 70, 70, 70, 70, 70, 70, 70, 70, 70, 70, 70, 70, 70, 70, 70, 70, 70, 70, 70, 70, 70, 70, 70, 70, 70, 70, 70, 70, 70, 70, 70, 70, 70, 70, 70, 70, 70, 70, 70, 70, 70, 70, 70, 70, 70, 70, 70, 70, 75]. Please update your config to [70, 70, 70, 70, 70, 70, 70, 70, 70, 70, 70, 70, 70, 70, 70, 70, 70, 70, 70, 70, 70, 70, 70, 70, 70, 70, 70, 70, 70, 70, 70, 70, 70, 70, 70, 70, 70, 70, 70, 70, 70, 70, 70, 70, 70, 70, 70, 70, 70, 70, 70, 70, 70, 70, 70, 70, 70, 70, 70, 70, 75, 90].
Read more: https://nextjs.org/docs/messages/next-image-unconfigured-qualities @ http://localhost:3000/_next/static/chunks/31d7c_next_dist_cfe6ce47._.js:2297
[    6462ms] [WARNING] Image with src "/images/Mamalou Kitchen - 78.jpg" is using quality "90" which is not configured in images.qualities [70, 70, 70, 70, 70, 70, 70, 70, 70, 70, 70, 70, 70, 70, 70, 70, 70, 70, 70, 70, 70, 70, 70, 70, 70, 70, 70, 70, 70, 70, 70, 70, 70, 70, 70, 70, 70, 70, 70, 70, 70, 70, 70, 70, 70, 70, 70, 70, 70, 70, 70, 70, 70, 70, 70, 70, 70, 70, 70, 70, 75]. Please update your config to [70, 70, 70, 70, 70, 70, 70, 70, 70, 70, 70, 70, 70, 70, 70, 70, 70, 70, 70, 70, 70, 70, 70, 70, 70, 70, 70, 70, 70, 70, 70, 70, 70, 70, 70, 70, 70, 70, 70, 70, 70, 70, 70, 70, 70, 70, 70, 70, 70, 70, 70, 70, 70, 70, 70, 70, 70, 70, 70, 70, 75, 90].
Read more: https://nextjs.org/docs/messages/next-image-unconfigured-qualities @ http://localhost:3000/_next/static/chunks/31d7c_next_dist_cfe6ce47._.js:2297
[    6463ms] [WARNING] Image with src "/images/Mamalou Kitchen - 103.jpg" is using quality "90" which is not configured in images.qualities [70, 70, 70, 70, 70, 70, 70, 70, 70, 70, 70, 70, 70, 70, 70, 70, 70, 70, 70, 70, 70, 70, 70, 70, 70, 70, 70, 70, 70, 70, 70, 70, 70, 70, 70, 70, 70, 70, 70, 70, 70, 70, 70, 70, 70, 70, 70, 70, 70, 70, 70, 70, 70, 70, 70, 70, 70, 70, 70, 70, 75]. Please update your config to [70, 70, 70, 70, 70, 70, 70, 70, 70, 70, 70, 70, 70, 70, 70, 70, 70, 70, 70, 70, 70, 70, 70, 70, 70, 70, 70, 70, 70, 70, 70, 70, 70, 70, 70, 70, 70, 70, 70, 70, 70, 70, 70, 70, 70, 70, 70, 70, 70, 70, 70, 70, 70, 70, 70, 70, 70, 70, 70, 70, 75, 90].
Read more: https://nextjs.org/docs/messages/next-image-unconfigured-qualities @ http://localhost:3000/_next/static/chunks/31d7c_next_dist_cfe6ce47._.js:2297
[    6463ms] [WARNING] Image with src "/images/Mamalou Kitchen - 193.jpg" is using quality "90" which is not configured in images.qualities [70, 70, 70, 70, 70, 70, 70, 70, 70, 70, 70, 70, 70, 70, 70, 70, 70, 70, 70, 70, 70, 70, 70, 70, 70, 70, 70, 70, 70, 70, 70, 70, 70, 70, 70, 70, 70, 70, 70, 70, 70, 70, 70, 70, 70, 70, 70, 70, 70, 70, 70, 70, 70, 70, 70, 70, 70, 70, 70, 70, 75]. Please update your config to [70, 70, 70, 70, 70, 70, 70, 70, 70, 70, 70, 70, 70, 70, 70, 70, 70, 70, 70, 70, 70, 70, 70, 70, 70, 70, 70, 70, 70, 70, 70, 70, 70, 70, 70, 70, 70, 70, 70, 70, 70, 70, 70, 70, 70, 70, 70, 70, 70, 70, 70, 70, 70, 70, 70, 70, 70, 70, 70, 70, 75, 90].
Read more: https://nextjs.org/docs/messages/next-image-unconfigured-qualities @ http://localhost:3000/_next/static/chunks/31d7c_next_dist_cfe6ce47._.js:2297
[    6463ms] [WARNING] Image with src "/images/Mamalou Kitchen - 220.jpg" is using quality "90" which is not configured in images.qualities [70, 70, 70, 70, 70, 70, 70, 70, 70, 70, 70, 70, 70, 70, 70, 70, 70, 70, 70, 70, 70, 70, 70, 70, 70, 70, 70, 70, 70, 70, 70, 70, 70, 70, 70, 70, 70, 70, 70, 70, 70, 70, 70, 70, 70, 70, 70, 70, 70, 70, 70, 70, 70, 70, 70, 70, 70, 70, 70, 70, 75]. Please update your config to [70, 70, 70, 70, 70, 70, 70, 70, 70, 70, 70, 70, 70, 70, 70, 70, 70, 70, 70, 70, 70, 70, 70, 70, 70, 70, 70, 70, 70, 70, 70, 70, 70, 70, 70, 70, 70, 70, 70, 70, 70, 70, 70, 70, 70, 70, 70, 70, 70, 70, 70, 70, 70, 70, 70, 70, 70, 70, 70, 70, 75, 90].
Read more: https://nextjs.org/docs/messages/next-image-unconfigured-qualities @ http://localhost:3000/_next/static/chunks/31d7c_next_dist_cfe6ce47._.js:2297
[    6464ms] [WARNING] Image with src "/shared-files/Kids high res pics/_C3A5778 (1).jpg" is using quality "90" which is not configured in images.qualities [70, 70, 70, 70, 70, 70, 70, 70, 70, 70, 70, 70, 70, 70, 70, 70, 70, 70, 70, 70, 70, 70, 70, 70, 70, 70, 70, 70, 70, 70, 70, 70, 70, 70, 70, 70, 70, 70, 70, 70, 70, 70, 70, 70, 70, 70, 70, 70, 70, 70, 70, 70, 70, 70, 70, 70, 70, 70, 70, 70, 75]. Please update your config to [70, 70, 70, 70, 70, 70, 70, 70, 70, 70, 70, 70, 70, 70, 70, 70, 70, 70, 70, 70, 70, 70, 70, 70, 70, 70, 70, 70, 70, 70, 70, 70, 70, 70, 70, 70, 70, 70, 70, 70, 70, 70, 70, 70, 70, 70, 70, 70, 70, 70, 70, 70, 70, 70, 70, 70, 70, 70, 70, 70, 75, 90].
Read more: https://nextjs.org/docs/messages/next-image-unconfigured-qualities @ http://localhost:3000/_next/static/chunks/31d7c_next_dist_cfe6ce47._.js:2297
[    6464ms] [WARNING] Image with src "/shared-files/Kids high res pics/_C3A5818.jpg" is using quality "90" which is not configured in images.qualities [70, 70, 70, 70, 70, 70, 70, 70, 70, 70, 70, 70, 70, 70, 70, 70, 70, 70, 70, 70, 70, 70, 70, 70, 70, 70, 70, 70, 70, 70, 70, 70, 70, 70, 70, 70, 70, 70, 70, 70, 70, 70, 70, 70, 70, 70, 70, 70, 70, 70, 70, 70, 70, 70, 70, 70, 70, 70, 70, 70, 75]. Please update your config to [70, 70, 70, 70, 70, 70, 70, 70, 70, 70, 70, 70, 70, 70, 70, 70, 70, 70, 70, 70, 70, 70, 70, 70, 70, 70, 70, 70, 70, 70, 70, 70, 70, 70, 70, 70, 70, 70, 70, 70, 70, 70, 70, 70, 70, 70, 70, 70, 70, 70, 70, 70, 70, 70, 70, 70, 70, 70, 70, 70, 75, 90].
Read more: https://nextjs.org/docs/messages/next-image-unconfigured-qualities @ http://localhost:3000/_next/static/chunks/31d7c_next_dist_cfe6ce47._.js:2297
[    6465ms] [WARNING] Image with src "/shared-files/Kids high res pics/_C3A5906 (1).jpg" is using quality "90" which is not configured in images.qualities [70, 70, 70, 70, 70, 70, 70, 70, 70, 70, 70, 70, 70, 70, 70, 70, 70, 70, 70, 70, 70, 70, 70, 70, 70, 70, 70, 70, 70, 70, 70, 70, 70, 70, 70, 70, 70, 70, 70, 70, 70, 70, 70, 70, 70, 70, 70, 70, 70, 70, 70, 70, 70, 70, 70, 70, 70, 70, 70, 70, 75]. Please update your config to [70, 70, 70, 70, 70, 70, 70, 70, 70, 70, 70, 70, 70, 70, 70, 70, 70, 70, 70, 70, 70, 70, 70, 70, 70, 70, 70, 70, 70, 70, 70, 70, 70, 70, 70, 70, 70, 70, 70, 70, 70, 70, 70, 70, 70, 70, 70, 70, 70, 70, 70, 70, 70, 70, 70, 70, 70, 70, 70, 70, 75, 90].
Read more: https://nextjs.org/docs/messages/next-image-unconfigured-qualities @ http://localhost:3000/_next/static/chunks/31d7c_next_dist_cfe6ce47._.js:2297
[    6466ms] [WARNING] Image with src "/images/taco tuesday.jpg" is using quality "100" which is not configured in images.qualities [70, 70, 70, 70, 70, 70, 70, 70, 70, 70, 70, 70, 70, 70, 70, 70, 70, 70, 70, 70, 70, 70, 70, 70, 70, 70, 70, 70, 70, 70, 70, 70, 70, 70, 70, 70, 70, 70, 70, 70, 70, 70, 70, 70, 70, 70, 70, 70, 70, 70, 70, 70, 70, 70, 70, 70, 70, 70, 70, 70, 75]. Please update your config to [100, 70, 70, 70, 70, 70, 70, 70, 70, 70, 70, 70, 70, 70, 70, 70, 70, 70, 70, 70, 70, 70, 70, 70, 70, 70, 70, 70, 70, 70, 70, 70, 70, 70, 70, 70, 70, 70, 70, 70, 70, 70, 70, 70, 70, 70, 70, 70, 70, 70, 70, 70, 70, 70, 70, 70, 70, 70, 70, 70, 70, 75].
Read more: https://nextjs.org/docs/messages/next-image-unconfigured-qualities @ http://localhost:3000/_next/static/chunks/31d7c_next_dist_cfe6ce47._.js:2297
[    6467ms] [WARNING] Image with src "/images/_C3A5493.jpg" is using quality "100" which is not configured in images.qualities [70, 70, 70, 70, 70, 70, 70, 70, 70, 70, 70, 70, 70, 70, 70, 70, 70, 70, 70, 70, 70, 70, 70, 70, 70, 70, 70, 70, 70, 70, 70, 70, 70, 70, 70, 70, 70, 70, 70, 70, 70, 70, 70, 70, 70, 70, 70, 70, 70, 70, 70, 70, 70, 70, 70, 70, 70, 70, 70, 70, 75]. Please update your config to [100, 70, 70, 70, 70, 70, 70, 70, 70, 70, 70, 70, 70, 70, 70, 70, 70, 70, 70, 70, 70, 70, 70, 70, 70, 70, 70, 70, 70, 70, 70, 70, 70, 70, 70, 70, 70, 70, 70, 70, 70, 70, 70, 70, 70, 70, 70, 70, 70, 70, 70, 70, 70, 70, 70, 70, 70, 70, 70, 70, 70, 75].
Read more: https://nextjs.org/docs/messages/next-image-unconfigured-qualities @ http://localhost:3000/_next/static/chunks/31d7c_next_dist_cfe6ce47._.js:2297
[    6468ms] [WARNING] Image with src "/images/_C3A0998.JPG" is using quality "100" which is not configured in images.qualities [70, 70, 70, 70, 70, 70, 70, 70, 70, 70, 70, 70, 70, 70, 70, 70, 70, 70, 70, 70, 70, 70, 70, 70, 70, 70, 70, 70, 70, 70, 70, 70, 70, 70, 70, 70, 70, 70, 70, 70, 70, 70, 70, 70, 70, 70, 70, 70, 70, 70, 70, 70, 70, 70, 70, 70, 70, 70, 70, 70, 75]. Please update your config to [100, 70, 70, 70, 70, 70, 70, 70, 70, 70, 70, 70, 70, 70, 70, 70, 70, 70, 70, 70, 70, 70, 70, 70, 70, 70, 70, 70, 70, 70, 70, 70, 70, 70, 70, 70, 70, 70, 70, 70, 70, 70, 70, 70, 70, 70, 70, 70, 70, 70, 70, 70, 70, 70, 70, 70, 70, 70, 70, 70, 70, 75].
Read more: https://nextjs.org/docs/messages/next-image-unconfigured-qualities @ http://localhost:3000/_next/static/chunks/31d7c_next_dist_cfe6ce47._.js:2297
[    6469ms] [WARNING] Image with src "/images/chicken-alfredo-lasagna-roll-ups-recipe-4.jpg" is using quality "100" which is not configured in images.qualities [70, 70, 70, 70, 70, 70, 70, 70, 70, 70, 70, 70, 70, 70, 70, 70, 70, 70, 70, 70, 70, 70, 70, 70, 70, 70, 70, 70, 70, 70, 70, 70, 70, 70, 70, 70, 70, 70, 70, 70, 70, 70, 70, 70, 70, 70, 70, 70, 70, 70, 70, 70, 70, 70, 70, 70, 70, 70, 70, 70, 75]. Please update your config to [100, 70, 70, 70, 70, 70, 70, 70, 70, 70, 70, 70, 70, 70, 70, 70, 70, 70, 70, 70, 70, 70, 70, 70, 70, 70, 70, 70, 70, 70, 70, 70, 70, 70, 70, 70, 70, 70, 70, 70, 70, 70, 70, 70, 70, 70, 70, 70, 70, 70, 70, 70, 70, 70, 70, 70, 70, 70, 70, 70, 70, 75].
Read more: https://nextjs.org/docs/messages/next-image-unconfigured-qualities @ http://localhost:3000/_next/static/chunks/31d7c_next_dist_cfe6ce47._.js:2297
[    6470ms] [WARNING] Image with src "/images/PHOTO-2025-12-02-18-26-42.jpg" is using quality "100" which is not configured in images.qualities [70, 70, 70, 70, 70, 70, 70, 70, 70, 70, 70, 70, 70, 70, 70, 70, 70, 70, 70, 70, 70, 70, 70, 70, 70, 70, 70, 70, 70, 70, 70, 70, 70, 70, 70, 70, 70, 70, 70, 70, 70, 70, 70, 70, 70, 70, 70, 70, 70, 70, 70, 70, 70, 70, 70, 70, 70, 70, 70, 70, 75]. Please update your config to [100, 70, 70, 70, 70, 70, 70, 70, 70, 70, 70, 70, 70, 70, 70, 70, 70, 70, 70, 70, 70, 70, 70, 70, 70, 70, 70, 70, 70, 70, 70, 70, 70, 70, 70, 70, 70, 70, 70, 70, 70, 70, 70, 70, 70, 70, 70, 70, 70, 70, 70, 70, 70, 70, 70, 70, 70, 70, 70, 70, 70, 75].
Read more: https://nextjs.org/docs/messages/next-image-unconfigured-qualities @ http://localhost:3000/_next/static/chunks/31d7c_next_dist_cfe6ce47._.js:2297
[    6470ms] [WARNING] Image with src "/images/deep dish pizza.jpg" is using quality "100" which is not configured in images.qualities [70, 70, 70, 70, 70, 70, 70, 70, 70, 70, 70, 70, 70, 70, 70, 70, 70, 70, 70, 70, 70, 70, 70, 70, 70, 70, 70, 70, 70, 70, 70, 70, 70, 70, 70, 70, 70, 70, 70, 70, 70, 70, 70, 70, 70, 70, 70, 70, 70, 70, 70, 70, 70, 70, 70, 70, 70, 70, 70, 70, 75]. Please update your config to [100, 70, 70, 70, 70, 70, 70, 70, 70, 70, 70, 70, 70, 70, 70, 70, 70, 70, 70, 70, 70, 70, 70, 70, 70, 70, 70, 70, 70, 70, 70, 70, 70, 70, 70, 70, 70, 70, 70, 70, 70, 70, 70, 70, 70, 70, 70, 70, 70, 70, 70, 70, 70, 70, 70, 70, 70, 70, 70, 70, 70, 75].
Read more: https://nextjs.org/docs/messages/next-image-unconfigured-qualities @ http://localhost:3000/_next/static/chunks/31d7c_next_dist_cfe6ce47._.js:2297
[    6470ms] [WARNING] Image with src "/images/File_017.jpeg.jpg" is using quality "100" which is not configured in images.qualities [70, 70, 70, 70, 70, 70, 70, 70, 70, 70, 70, 70, 70, 70, 70, 70, 70, 70, 70, 70, 70, 70, 70, 70, 70, 70, 70, 70, 70, 70, 70, 70, 70, 70, 70, 70, 70, 70, 70, 70, 70, 70, 70, 70, 70, 70, 70, 70, 70, 70, 70, 70, 70, 70, 70, 70, 70, 70, 70, 70, 75]. Please update your config to [100, 70, 70, 70, 70, 70, 70, 70, 70, 70, 70, 70, 70, 70, 70, 70, 70, 70, 70, 70, 70, 70, 70, 70, 70, 70, 70, 70, 70, 70, 70, 70, 70, 70, 70, 70, 70, 70, 70, 70, 70, 70, 70, 70, 70, 70, 70, 70, 70, 70, 70, 70, 70, 70, 70, 70, 70, 70, 70, 70, 70, 75].
Read more: https://nextjs.org/docs/messages/next-image-unconfigured-qualities @ http://localhost:3000/_next/static/chunks/31d7c_next_dist_cfe6ce47._.js:2297
[    6471ms] [WARNING] Image with src "/images/IMG_4756_edited.jpg" is using quality "100" which is not configured in images.qualities [70, 70, 70, 70, 70, 70, 70, 70, 70, 70, 70, 70, 70, 70, 70, 70, 70, 70, 70, 70, 70, 70, 70, 70, 70, 70, 70, 70, 70, 70, 70, 70, 70, 70, 70, 70, 70, 70, 70, 70, 70, 70, 70, 70, 70, 70, 70, 70, 70, 70, 70, 70, 70, 70, 70, 70, 70, 70, 70, 70, 75]. Please update your config to [100, 70, 70, 70, 70, 70, 70, 70, 70, 70, 70, 70, 70, 70, 70, 70, 70, 70, 70, 70, 70, 70, 70, 70, 70, 70, 70, 70, 70, 70, 70, 70, 70, 70, 70, 70, 70, 70, 70, 70, 70, 70, 70, 70, 70, 70, 70, 70, 70, 70, 70, 70, 70, 70, 70, 70, 70, 70, 70, 70, 70, 75].
Read more: https://nextjs.org/docs/messages/next-image-unconfigured-qualities @ http://localhost:3000/_next/static/chunks/31d7c_next_dist_cfe6ce47._.js:2297
[    6491ms] [WARNING] GSAP target .hero-stats not found. https://gsap.com @ http://localhost:3000/_next/static/chunks/31d7c_next_dist_cfe6ce47._.js:2297
[    6492ms] [WARNING] GSAP target  not found. https://gsap.com @ http://localhost:3000/_next/static/chunks/31d7c_next_dist_cfe6ce47._.js:2297
[    6498ms] [WARNING] Image with src "/recent/cart-icon.png" has "fill" but is missing "sizes" prop. Please add it to improve page performance. Read more: https://nextjs.org/docs/api-reference/next/image#sizes @ http://localhost:3000/_next/static/chunks/31d7c_next_dist_cfe6ce47._.js:2297
[    6556ms] [WARNING] Image with src "/images/taco tuesday.jpg" has "fill" but is missing "sizes" prop. Please add it to improve page performance. Read more: https://nextjs.org/docs/api-reference/next/image#sizes @ http://localhost:3000/_next/static/chunks/31d7c_next_dist_cfe6ce47._.js:2297
[    6560ms] [WARNING] Image with src "/images/_C3A5493.jpg" has "fill" but is missing "sizes" prop. Please add it to improve page performance. Read more: https://nextjs.org/docs/api-reference/next/image#sizes @ http://localhost:3000/_next/static/chunks/31d7c_next_dist_cfe6ce47._.js:2297
[    6560ms] [WARNING] Image with src "/images/_C3A0998.JPG" has "fill" but is missing "sizes" prop. Please add it to improve page performance. Read more: https://nextjs.org/docs/api-reference/next/image#sizes @ http://localhost:3000/_next/static/chunks/31d7c_next_dist_cfe6ce47._.js:2297
[    6560ms] [WARNING] Image with src "/images/chicken-alfredo-lasagna-roll-ups-recipe-4.jpg" has "fill" but is missing "sizes" prop. Please add it to improve page performance. Read more: https://nextjs.org/docs/api-reference/next/image#sizes @ http://localhost:3000/_next/static/chunks/31d7c_next_dist_cfe6ce47._.js:2297
[    6575ms] [WARNING] Image with src "/images/IMG_4756_edited.jpg" has "fill" and parent element with invalid "position". Provided "static" should be one of absolute,fixed,relative. @ http://localhost:3000/_next/static/chunks/31d7c_next_dist_cfe6ce47._.js:2297
[    6785ms] [WARNING] GSAP target  not found. https://gsap.com @ http://localhost:3000/_next/static/chunks/31d7c_next_dist_cfe6ce47._.js:2297
[   12505ms] [LOG] [Fast Refresh] rebuilding @ http://localhost:3000/_next/static/chunks/31d7c_next_dist_cfe6ce47._.js:2297
[   12563ms] [LOG] [Fast Refresh] done in 159ms @ http://localhost:3000/_next/static/chunks/31d7c_next_dist_cfe6ce47._.js:2297
[   12602ms] [WARNING] Detected `scroll-behavior: smooth` on the `<html>` element. To disable smooth scrolling during route transitions, add `data-scroll-behavior="smooth"` to your <html> element. Learn more: https://nextjs.org/docs/messages/missing-data-scroll-behavior @ http://localhost:3000/_next/static/chunks/31d7c_next_dist_cfe6ce47._.js:2297
[   12642ms] [WARNING] Image with src "/mini-chef/cupcake-masterclass.jpg" has "fill" but is missing "sizes" prop. Please add it to improve page performance. Read more: https://nextjs.org/docs/api-reference/next/image#sizes @ http://localhost:3000/_next/static/chunks/31d7c_next_dist_cfe6ce47._.js:2297
[   12642ms] [WARNING] Image with src "/mini-chef/dream diner.jpeg" has "fill" but is missing "sizes" prop. Please add it to improve page performance. Read more: https://nextjs.org/docs/api-reference/next/image#sizes @ http://localhost:3000/_next/static/chunks/31d7c_next_dist_cfe6ce47._.js:2297
[   12642ms] [WARNING] Image with src "/mini-chef/kung fu panda.jpg" has "fill" but is missing "sizes" prop. Please add it to improve page performance. Read more: https://nextjs.org/docs/api-reference/next/image#sizes @ http://localhost:3000/_next/static/chunks/31d7c_next_dist_cfe6ce47._.js:2297
[   12674ms] [WARNING] Image with src "/mini-chef/LITTLE ITALY.jpg" has "fill" but is missing "sizes" prop. Please add it to improve page performance. Read more: https://nextjs.org/docs/api-reference/next/image#sizes @ http://localhost:3000/_next/static/chunks/31d7c_next_dist_cfe6ce47._.js:2297
[   12674ms] [WARNING] Image with src "/new-updates/funtastic.jpg" has "fill" but is missing "sizes" prop. Please add it to improve page performance. Read more: https://nextjs.org/docs/api-reference/next/image#sizes @ http://localhost:3000/_next/static/chunks/31d7c_next_dist_cfe6ce47._.js:2297
[   12674ms] [WARNING] Image with src "/images/best-chocolate-chip-cookies-recipe-ever-no-chilling-1.jpg" has "fill" but is missing "sizes" prop. Please add it to improve page performance. Read more: https://nextjs.org/docs/api-reference/next/image#sizes @ http://localhost:3000/_next/static/chunks/31d7c_next_dist_cfe6ce47._.js:2297
[   25598ms] [WARNING] Image with src "/images/Honey-Oat-Bread-hi-res-25-1200x1800.jpg" has "fill" but is missing "sizes" prop. Please add it to improve page performance. Read more: https://nextjs.org/docs/api-reference/next/image#sizes @ http://localhost:3000/_next/static/chunks/31d7c_next_dist_cfe6ce47._.js:2297
[   25615ms] [WARNING] Image with src "/images/zucchini-bread-recipe.jpg" has "fill" but is missing "sizes" prop. Please add it to improve page performance. Read more: https://nextjs.org/docs/api-reference/next/image#sizes @ http://localhost:3000/_next/static/chunks/31d7c_next_dist_cfe6ce47._.js:2297
[   25632ms] [WARNING] Image with src "/images/korean-cream-cheese-garlic-buns-featured.jpg" has "fill" but is missing "sizes" prop. Please add it to improve page performance. Read more: https://nextjs.org/docs/api-reference/next/image#sizes @ http://localhost:3000/_next/static/chunks/31d7c_next_dist_cfe6ce47._.js:2297
[   25632ms] [WARNING] Image with src "/images/jam-donut-babka.jpg" has "fill" but is missing "sizes" prop. Please add it to improve page performance. Read more: https://nextjs.org/docs/api-reference/next/image#sizes @ http://localhost:3000/_next/static/chunks/31d7c_next_dist_cfe6ce47._.js:2297
[   25632ms] [WARNING] Image with src "/images/Mini-Chicken-Pot-Pies-tasteandtellblog.com-1.jpg" has "fill" but is missing "sizes" prop. Please add it to improve page performance. Read more: https://nextjs.org/docs/api-reference/next/image#sizes @ http://localhost:3000/_next/static/chunks/31d7c_next_dist_cfe6ce47._.js:2297
[   29090ms] [WARNING] Image with src "/images/avocado-maki-roll-recipe-10.jpg" has "fill" but is missing "sizes" prop. Please add it to improve page performance. Read more: https://nextjs.org/docs/api-reference/next/image#sizes @ http://localhost:3000/_next/static/chunks/31d7c_next_dist_cfe6ce47._.js:2297
[   29107ms] [WARNING] Image with src "/images/focaccia-bread-art-featured.jpg" has "fill" but is missing "sizes" prop. Please add it to improve page performance. Read more: https://nextjs.org/docs/api-reference/next/image#sizes @ http://localhost:3000/_next/static/chunks/31d7c_next_dist_cfe6ce47._.js:2297
[   29113ms] [WARNING] Image with src "/images/Pizza-Bagels-15-650x975.jpg" has "fill" but is missing "sizes" prop. Please add it to improve page performance. Read more: https://nextjs.org/docs/api-reference/next/image#sizes @ http://localhost:3000/_next/static/chunks/31d7c_next_dist_cfe6ce47._.js:2297
[   29113ms] [WARNING] Image with src "/images/Savory-Scones-with-Bacon-Cheddar-Chive.jpg" has "fill" but is missing "sizes" prop. Please add it to improve page performance. Read more: https://nextjs.org/docs/api-reference/next/image#sizes @ http://localhost:3000/_next/static/chunks/31d7c_next_dist_cfe6ce47._.js:2297
[   29113ms] [WARNING] Image with src "/images/Each-Beach-Birthday-Cupcakes.jpg" has "fill" but is missing "sizes" prop. Please add it to improve page performance. Read more: https://nextjs.org/docs/api-reference/next/image#sizes @ http://localhost:3000/_next/static/chunks/31d7c_next_dist_cfe6ce47._.js:2297
[   33208ms] [WARNING] Image with src "/mini-chef/texas roadhouse.jpg" has "fill" but is missing "sizes" prop. Please add it to improve page performance. Read more: https://nextjs.org/docs/api-reference/next/image#sizes @ http://localhost:3000/_next/static/chunks/31d7c_next_dist_cfe6ce47._.js:2297
[   33227ms] [WARNING] Image with src "/images/Farfalle-Pasta11-scaled.jpg" has "fill" but is missing "sizes" prop. Please add it to improve page performance. Read more: https://nextjs.org/docs/api-reference/next/image#sizes @ http://localhost:3000/_next/static/chunks/31d7c_next_dist_cfe6ce47._.js:2297
[   33243ms] [WARNING] Image with src "/mini-chef/HOLA AMIGOS.jpg" has "fill" but is missing "sizes" prop. Please add it to improve page performance. Read more: https://nextjs.org/docs/api-reference/next/image#sizes @ http://localhost:3000/_next/static/chunks/31d7c_next_dist_cfe6ce47._.js:2297
[   33250ms] [WARNING] Image with src "/new-updates/healthylicious.jpg" has "fill" but is missing "sizes" prop. Please add it to improve page performance. Read more: https://nextjs.org/docs/api-reference/next/image#sizes @ http://localhost:3000/_next/static/chunks/31d7c_next_dist_cfe6ce47._.js:2297
[   33256ms] [WARNING] Image with src "/new-updates/dumpling masterclass.jpg" has "fill" but is missing "sizes" prop. Please add it to improve page performance. Read more: https://nextjs.org/docs/api-reference/next/image#sizes @ http://localhost:3000/_next/static/chunks/31d7c_next_dist_cfe6ce47._.js:2297
[   33264ms] [WARNING] Image with src "/mini-chef/PRETZEL MASTER CLASS.jpeg" has "fill" but is missing "sizes" prop. Please add it to improve page performance. Read more: https://nextjs.org/docs/api-reference/next/image#sizes @ http://localhost:3000/_next/static/chunks/31d7c_next_dist_cfe6ce47._.js:2297
[  308925ms] [LOG] [Fast Refresh] rebuilding @ http://localhost:3000/_next/static/chunks/31d7c_next_dist_cfe6ce47._.js:2297
[  309025ms] [LOG] [Fast Refresh] done in 200ms @ http://localhost:3000/_next/static/chunks/31d7c_next_dist_cfe6ce47._.js:2297
[  545140ms] [LOG] [Fast Refresh] rebuilding @ http://localhost:3000/_next/static/chunks/31d7c_next_dist_cfe6ce47._.js:2297
[  545187ms] [LOG] [Fast Refresh] done in 155ms @ http://localhost:3000/_next/static/chunks/31d7c_next_dist_cfe6ce47._.js:2297
[  634308ms] [LOG] [Fast Refresh] rebuilding @ http://localhost:3000/_next/static/chunks/31d7c_next_dist_cfe6ce47._.js:2297
[  634387ms] [LOG] [Fast Refresh] done in 185ms @ http://localhost:3000/_next/static/chunks/31d7c_next_dist_cfe6ce47._.js:2297
[  743951ms] [LOG] [Fast Refresh] rebuilding @ http://localhost:3000/_next/static/chunks/31d7c_next_dist_cfe6ce47._.js:2297
[  743956ms] [LOG] [Fast Refresh] done in 105ms @ http://localhost:3000/_next/static/chunks/31d7c_next_dist_cfe6ce47._.js:2297
[  744134ms] [WARNING] Image with src "/big-chef/spirit of thailand.jpg" has "fill" but is missing "sizes" prop. Please add it to improve page performance. Read more: https://nextjs.org/docs/api-reference/next/image#sizes @ http://localhost:3000/_next/static/chunks/31d7c_next_dist_cfe6ce47._.js:2297
[  744158ms] [WARNING] Image with src "/big-chef/the mexican table.jpeg" has "fill" but is missing "sizes" prop. Please add it to improve page performance. Read more: https://nextjs.org/docs/api-reference/next/image#sizes @ http://localhost:3000/_next/static/chunks/31d7c_next_dist_cfe6ce47._.js:2297
[  744173ms] [WARNING] Image with src "/images/Lemon-Garlic-Shrimp-Pasta.jpg" has "fill" but is missing "sizes" prop. Please add it to improve page performance. Read more: https://nextjs.org/docs/api-reference/next/image#sizes @ http://localhost:3000/_next/static/chunks/31d7c_next_dist_cfe6ce47._.js:2297
[  744177ms] [WARNING] Image with src "/images/Grilled-Steak-with-Chimichurri-1.jpg" has "fill" but is missing "sizes" prop. Please add it to improve page performance. Read more: https://nextjs.org/docs/api-reference/next/image#sizes @ http://localhost:3000/_next/static/chunks/31d7c_next_dist_cfe6ce47._.js:2297
[  744266ms] [WARNING] Image with src "/big-chef/PAN ASIAN feast.jpg" has "fill" but is missing "sizes" prop. Please add it to improve page performance. Read more: https://nextjs.org/docs/api-reference/next/image#sizes @ http://localhost:3000/_next/static/chunks/31d7c_next_dist_cfe6ce47._.js:2297
[  746905ms] [WARNING] Image with src "/images/shoyu-ramen-1-1200.jpg" has "fill" but is missing "sizes" prop. Please add it to improve page performance. Read more: https://nextjs.org/docs/api-reference/next/image#sizes @ http://localhost:3000/_next/static/chunks/31d7c_next_dist_cfe6ce47._.js:2297
[  746917ms] [WARNING] Image with src "/images/birria-tacos-5-1200x1800.jpg" has "fill" but is missing "sizes" prop. Please add it to improve page performance. Read more: https://nextjs.org/docs/api-reference/next/image#sizes @ http://localhost:3000/_next/static/chunks/31d7c_next_dist_cfe6ce47._.js:2297
[  750116ms] [WARNING] Image with src "/nanny-class/roll with it.jpg" has "fill" but is missing "sizes" prop. Please add it to improve page performance. Read more: https://nextjs.org/docs/api-reference/next/image#sizes @ http://localhost:3000/_next/static/chunks/31d7c_next_dist_cfe6ce47._.js:2297
[  750125ms] [WARNING] Image with src "/images/DEL_2022_Q2_TOBY_SCOTT_beetroot-cured-salmon_960x1200-768x960.jpg" has "fill" but is missing "sizes" prop. Please add it to improve page performance. Read more: https://nextjs.org/docs/api-reference/next/image#sizes @ http://localhost:3000/_next/static/chunks/31d7c_next_dist_cfe6ce47._.js:2297
[  750189ms] [WARNING] Image with src "/images/Fresh-Spring-Rolls-15.jpg" has "fill" but is missing "sizes" prop. Please add it to improve page performance. Read more: https://nextjs.org/docs/api-reference/next/image#sizes @ http://localhost:3000/_next/static/chunks/31d7c_next_dist_cfe6ce47._.js:2297
[  750227ms] [WARNING] Image with src "/images/Chicken-Shawarma-10.jpg" has "fill" but is missing "sizes" prop. Please add it to improve page performance. Read more: https://nextjs.org/docs/api-reference/next/image#sizes @ http://localhost:3000/_next/static/chunks/31d7c_next_dist_cfe6ce47._.js:2297
[  750419ms] [WARNING] Image with src "/nanny-class/kibbe master class.jpeg" has "fill" but is missing "sizes" prop. Please add it to improve page performance. Read more: https://nextjs.org/docs/api-reference/next/image#sizes @ http://localhost:3000/_next/static/chunks/31d7c_next_dist_cfe6ce47._.js:2297
[  750436ms] [WARNING] Image with src "/nanny-class/Lebanese please 2.jpeg" has "fill" but is missing "sizes" prop. Please add it to improve page performance. Read more: https://nextjs.org/docs/api-reference/next/image#sizes @ http://localhost:3000/_next/static/chunks/31d7c_next_dist_cfe6ce47._.js:2297
[  750733ms] [WARNING] Image with src "/images/Spicy-Tuna-Crispy-Rice-12.jpg" has "fill" but is missing "sizes" prop. Please add it to improve page performance. Read more: https://nextjs.org/docs/api-reference/next/image#sizes @ http://localhost:3000/_next/static/chunks/31d7c_next_dist_cfe6ce47._.js:2297
[  750746ms] [WARNING] Image with src "/images/crispy-zaatar-potatoes-with-chicken-cover-12666b34.jpg" has "fill" but is missing "sizes" prop. Please add it to improve page performance. Read more: https://nextjs.org/docs/api-reference/next/image#sizes @ http://localhost:3000/_next/static/chunks/31d7c_next_dist_cfe6ce47._.js:2297
[  785567ms] [LOG] [Fast Refresh] rebuilding @ http://localhost:3000/_next/static/chunks/31d7c_next_dist_cfe6ce47._.js:2297
[  785614ms] [LOG] [Fast Refresh] done in 153ms @ http://localhost:3000/_next/static/chunks/31d7c_next_dist_cfe6ce47._.js:2297
[  890718ms] [LOG] [Fast Refresh] rebuilding @ http://localhost:3000/_next/static/chunks/31d7c_next_dist_cfe6ce47._.js:2297
[  890925ms] [LOG] [Fast Refresh] done in 307ms @ http://localhost:3000/_next/static/chunks/31d7c_next_dist_cfe6ce47._.js:2297
[  906116ms] [LOG] [Fast Refresh] rebuilding @ http://localhost:3000/_next/static/chunks/31d7c_next_dist_cfe6ce47._.js:2297
[  906249ms] [LOG] [Fast Refresh] done in 196ms @ http://localhost:3000/_next/static/chunks/31d7c_next_dist_cfe6ce47._.js:2297
[  913812ms] [LOG] [Fast Refresh] rebuilding @ http://localhost:3000/_next/static/chunks/31d7c_next_dist_cfe6ce47._.js:2297
[  913969ms] [LOG] [Fast Refresh] done in 264ms @ http://localhost:3000/_next/static/chunks/31d7c_next_dist_cfe6ce47._.js:2297
[  942977ms] [LOG] [Fast Refresh] rebuilding @ http://localhost:3000/_next/static/chunks/31d7c_next_dist_cfe6ce47._.js:2297
[  943056ms] [LOG] [Fast Refresh] done in 183ms @ http://localhost:3000/_next/static/chunks/31d7c_next_dist_cfe6ce47._.js:2297
[  976714ms] [WARNING] Image with src "/images/peking-duck-recipe-11.jpg" has "fill" but is missing "sizes" prop. Please add it to improve page performance. Read more: https://nextjs.org/docs/api-reference/next/image#sizes @ http://localhost:3000/_next/static/chunks/31d7c_next_dist_cfe6ce47._.js:2297
[ 1062441ms] [WARNING] Image with src "/images/Raspberry macarons.jpg" has "fill" but is missing "sizes" prop. Please add it to improve page performance. Read more: https://nextjs.org/docs/api-reference/next/image#sizes @ http://localhost:3000/_next/static/chunks/31d7c_next_dist_cfe6ce47._.js:2297
[ 1062448ms] [WARNING] Image with src "/images/raspberry_and_milk_chocolate_eclairs2-s.jpg" has "fill" but is missing "sizes" prop. Please add it to improve page performance. Read more: https://nextjs.org/docs/api-reference/next/image#sizes @ http://localhost:3000/_next/static/chunks/31d7c_next_dist_cfe6ce47._.js:2297
[ 1062720ms] [WARNING] Image with src "/images/Cheese-Rolls.jpg" has "fill" but is missing "sizes" prop. Please add it to improve page performance. Read more: https://nextjs.org/docs/api-reference/next/image#sizes @ http://localhost:3000/_next/static/chunks/31d7c_next_dist_cfe6ce47._.js:2297
[ 1062751ms] [WARNING] Image with src "/images/shrimp-in-romesco-sauce-1-of-1-3.jpg" has "fill" but is missing "sizes" prop. Please add it to improve page performance. Read more: https://nextjs.org/docs/api-reference/next/image#sizes @ http://localhost:3000/_next/static/chunks/31d7c_next_dist_cfe6ce47._.js:2297
[ 1062751ms] [WARNING] Image with src "/images/Vegan Beet Pesto Pasta.jpg" has "fill" but is missing "sizes" prop. Please add it to improve page performance. Read more: https://nextjs.org/docs/api-reference/next/image#sizes @ http://localhost:3000/_next/static/chunks/31d7c_next_dist_cfe6ce47._.js:2297
[ 1066545ms] [WARNING] Image with src "/images/Crispy-rice-paper-dumplings-with-chili-garlic-oil-view-from-top_1718350397_142199.jpeg" has "fill" but is missing "sizes" prop. Please add it to improve page performance. Read more: https://nextjs.org/docs/api-reference/next/image#sizes @ http://localhost:3000/_next/static/chunks/31d7c_next_dist_cfe6ce47._.js:2297
[ 1066555ms] [WARNING] Image with src "/nanny-class/lunch box favorite.jpg" has "fill" but is missing "sizes" prop. Please add it to improve page performance. Read more: https://nextjs.org/docs/api-reference/next/image#sizes @ http://localhost:3000/_next/static/chunks/31d7c_next_dist_cfe6ce47._.js:2297
[ 1183998ms] [LOG] [Fast Refresh] rebuilding @ http://localhost:3000/_next/static/chunks/31d7c_next_dist_cfe6ce47._.js:2297
[ 1184053ms] [LOG] [Fast Refresh] done in 128ms @ http://localhost:3000/_next/static/chunks/31d7c_next_dist_cfe6ce47._.js:2297
[ 1189016ms] [LOG] [Fast Refresh] rebuilding @ http://localhost:3000/_next/static/chunks/31d7c_next_dist_cfe6ce47._.js:2297
[ 1189067ms] [LOG] [Fast Refresh] done in 154ms @ http://localhost:3000/_next/static/chunks/31d7c_next_dist_cfe6ce47._.js:2297
[ 1250367ms] [LOG] [Fast Refresh] rebuilding @ http://localhost:3000/_next/static/chunks/31d7c_next_dist_cfe6ce47._.js:2297
[ 1250444ms] [LOG] [Fast Refresh] done in 183ms @ http://localhost:3000/_next/static/chunks/31d7c_next_dist_cfe6ce47._.js:2297
[ 1336757ms] [LOG] [Fast Refresh] rebuilding @ http://localhost:3000/_next/static/chunks/31d7c_next_dist_cfe6ce47._.js:2297
[ 1336824ms] [LOG] [Fast Refresh] done in 169ms @ http://localhost:3000/_next/static/chunks/31d7c_next_dist_cfe6ce47._.js:2297
[ 1350827ms] [LOG] [Fast Refresh] rebuilding @ http://localhost:3000/_next/static/chunks/31d7c_next_dist_cfe6ce47._.js:2297
[ 1350890ms] [LOG] [Fast Refresh] done in 167ms @ http://localhost:3000/_next/static/chunks/31d7c_next_dist_cfe6ce47._.js:2297
[ 1465304ms] [LOG] [Fast Refresh] rebuilding @ http://localhost:3000/_next/static/chunks/31d7c_next_dist_cfe6ce47._.js:2297
[ 1465418ms] [LOG] [Fast Refresh] done in 202ms @ http://localhost:3000/_next/static/chunks/31d7c_next_dist_cfe6ce47._.js:2297
[ 1469426ms] [LOG] [Fast Refresh] rebuilding @ http://localhost:3000/_next/static/chunks/31d7c_next_dist_cfe6ce47._.js:2297
[ 1469722ms] [LOG] [Fast Refresh] done in 400ms @ http://localhost:3000/_next/static/chunks/31d7c_next_dist_cfe6ce47._.js:2297
[ 1473984ms] [LOG] [Fast Refresh] rebuilding @ http://localhost:3000/_next/static/chunks/31d7c_next_dist_cfe6ce47._.js:2297
[ 1475044ms] [LOG] [Fast Refresh] done in 1163ms @ http://localhost:3000/_next/static/chunks/31d7c_next_dist_cfe6ce47._.js:2297
[ 1475519ms] [LOG] [Fast Refresh] rebuilding @ http://localhost:3000/_next/static/chunks/31d7c_next_dist_cfe6ce47._.js:2297
[ 1475658ms] [LOG] [Fast Refresh] done in 240ms @ http://localhost:3000/_next/static/chunks/31d7c_next_dist_cfe6ce47._.js:2297
[ 1475803ms] [LOG] [Fast Refresh] rebuilding @ http://localhost:3000/_next/static/chunks/31d7c_next_dist_cfe6ce47._.js:2297
[ 1475815ms] [LOG] [Fast Refresh] done in 114ms @ http://localhost:3000/_next/static/chunks/31d7c_next_dist_cfe6ce47._.js:2297
[ 1476137ms] [LOG] [Fast Refresh] rebuilding @ http://localhost:3000/_next/static/chunks/31d7c_next_dist_cfe6ce47._.js:2297
[ 1476169ms] [LOG] [Fast Refresh] done in 135ms @ http://localhost:3000/_next/static/chunks/31d7c_next_dist_cfe6ce47._.js:2297
[ 1477170ms] [LOG] [Fast Refresh] rebuilding @ http://localhost:3000/_next/static/chunks/31d7c_next_dist_cfe6ce47._.js:2297
[ 1478214ms] [LOG] [Fast Refresh] done in 1145ms @ http://localhost:3000/_next/static/chunks/31d7c_next_dist_cfe6ce47._.js:2297
[ 1478678ms] [LOG] [Fast Refresh] rebuilding @ http://localhost:3000/_next/static/chunks/31d7c_next_dist_cfe6ce47._.js:2297
[ 1478980ms] [LOG] [Fast Refresh] done in 402ms @ http://localhost:3000/_next/static/chunks/31d7c_next_dist_cfe6ce47._.js:2297
[ 1479682ms] [LOG] [Fast Refresh] rebuilding @ http://localhost:3000/_next/static/chunks/31d7c_next_dist_cfe6ce47._.js:2297
[ 1479697ms] [LOG] [Fast Refresh] done in 118ms @ http://localhost:3000/_next/static/chunks/31d7c_next_dist_cfe6ce47._.js:2297
[ 1495112ms] [LOG] [Fast Refresh] rebuilding @ http://localhost:3000/_next/static/chunks/31d7c_next_dist_cfe6ce47._.js:2297
[ 1495160ms] [LOG] [Fast Refresh] done in 153ms @ http://localhost:3000/_next/static/chunks/31d7c_next_dist_cfe6ce47._.js:2297
[ 1504601ms] [LOG] [Fast Refresh] rebuilding @ http://localhost:3000/_next/static/chunks/31d7c_next_dist_cfe6ce47._.js:2297
[ 1504666ms] [LOG] [Fast Refresh] done in 170ms @ http://localhost:3000/_next/static/chunks/31d7c_next_dist_cfe6ce47._.js:2297
[ 1514346ms] [LOG] [Fast Refresh] rebuilding @ http://localhost:3000/_next/static/chunks/31d7c_next_dist_cfe6ce47._.js:2297
[ 1514426ms] [LOG] [Fast Refresh] done in 185ms @ http://localhost:3000/_next/static/chunks/31d7c_next_dist_cfe6ce47._.js:2297
[ 1533624ms] [LOG] [Fast Refresh] rebuilding @ http://localhost:3000/_next/static/chunks/31d7c_next_dist_cfe6ce47._.js:2297
[ 1533703ms] [LOG] [Fast Refresh] done in 183ms @ http://localhost:3000/_next/static/chunks/31d7c_next_dist_cfe6ce47._.js:2297
[ 1557953ms] [LOG] [Fast Refresh] rebuilding @ http://localhost:3000/_next/static/chunks/31d7c_next_dist_cfe6ce47._.js:2297
[ 1558037ms] [LOG] [Fast Refresh] done in 184ms @ http://localhost:3000/_next/static/chunks/31d7c_next_dist_cfe6ce47._.js:2297
[ 1573936ms] [LOG] [Fast Refresh] rebuilding @ http://localhost:3000/_next/static/chunks/31d7c_next_dist_cfe6ce47._.js:2297
[ 1573944ms] [LOG] [Fast Refresh] done in 121ms @ http://localhost:3000/_next/static/chunks/31d7c_next_dist_cfe6ce47._.js:2297
[ 2828086ms] [LOG] [Fast Refresh] rebuilding @ http://localhost:3000/_next/static/chunks/31d7c_next_dist_cfe6ce47._.js:2297
[ 2828211ms] [LOG] [Fast Refresh] done in 230ms @ http://localhost:3000/_next/static/chunks/31d7c_next_dist_cfe6ce47._.js:2297
[ 2909987ms] [LOG] [Fast Refresh] rebuilding @ http://localhost:3000/_next/static/chunks/31d7c_next_dist_cfe6ce47._.js:2297
[ 2910285ms] [LOG] [Fast Refresh] done in 252ms @ http://localhost:3000/_next/static/chunks/31d7c_next_dist_cfe6ce47._.js:2297
[ 2919820ms] [LOG] [Fast Refresh] rebuilding @ http://localhost:3000/_next/static/chunks/31d7c_next_dist_cfe6ce47._.js:2297
[ 2919969ms] [LOG] [Fast Refresh] done in 152ms @ http://localhost:3000/_next/static/chunks/31d7c_next_dist_cfe6ce47._.js:2297
[ 2930365ms] [LOG] [Fast Refresh] rebuilding @ http://localhost:3000/_next/static/chunks/31d7c_next_dist_cfe6ce47._.js:2297
[ 2930450ms] [LOG] [Fast Refresh] done in 190ms @ http://localhost:3000/_next/static/chunks/31d7c_next_dist_cfe6ce47._.js:2297
[ 3327506ms] [LOG] [Fast Refresh] rebuilding @ http://localhost:3000/_next/static/chunks/31d7c_next_dist_cfe6ce47._.js:2297
[ 3327584ms] [LOG] [Fast Refresh] done in 183ms @ http://localhost:3000/_next/static/chunks/31d7c_next_dist_cfe6ce47._.js:2297
[ 3337587ms] [LOG] [Fast Refresh] rebuilding @ http://localhost:3000/_next/static/chunks/31d7c_next_dist_cfe6ce47._.js:2297
[ 3337636ms] [LOG] [Fast Refresh] done in 152ms @ http://localhost:3000/_next/static/chunks/31d7c_next_dist_cfe6ce47._.js:2297
[ 3377991ms] [LOG] [Fast Refresh] rebuilding @ http://localhost:3000/_next/static/chunks/31d7c_next_dist_cfe6ce47._.js:2297
[ 3377999ms] [LOG] [Fast Refresh] done in 111ms @ http://localhost:3000/_next/static/chunks/31d7c_next_dist_cfe6ce47._.js:2297
[ 3860055ms] [LOG] [Fast Refresh] rebuilding @ http://localhost:3000/_next/static/chunks/31d7c_next_dist_cfe6ce47._.js:2297
[ 3860164ms] [LOG] [Fast Refresh] done in 216ms @ http://localhost:3000/_next/static/chunks/31d7c_next_dist_cfe6ce47._.js:2297
[ 3885726ms] [LOG] [Fast Refresh] rebuilding @ http://localhost:3000/_next/static/chunks/31d7c_next_dist_cfe6ce47._.js:2297
[ 3885752ms] [LOG] [Fast Refresh] done in 136ms @ http://localhost:3000/_next/static/chunks/31d7c_next_dist_cfe6ce47._.js:2297
[ 4767271ms] [LOG] [Fast Refresh] rebuilding @ http://localhost:3000/_next/static/chunks/31d7c_next_dist_cfe6ce47._.js:2297
[ 4767348ms] [LOG] [Fast Refresh] done in 183ms @ http://localhost:3000/_next/static/chunks/31d7c_next_dist_cfe6ce47._.js:2297
[ 5108263ms] [LOG] [Fast Refresh] rebuilding @ http://localhost:3000/_next/static/chunks/31d7c_next_dist_cfe6ce47._.js:2297
[ 5108325ms] [LOG] [Fast Refresh] done in 167ms @ http://localhost:3000/_next/static/chunks/31d7c_next_dist_cfe6ce47._.js:2297
[ 5120237ms] [LOG] [Fast Refresh] rebuilding @ http://localhost:3000/_next/static/chunks/31d7c_next_dist_cfe6ce47._.js:2297
[ 5120316ms] [LOG] [Fast Refresh] done in 185ms @ http://localhost:3000/_next/static/chunks/31d7c_next_dist_cfe6ce47._.js:2297
[ 5123507ms] [LOG] [Fast Refresh] rebuilding @ http://localhost:3000/_next/static/chunks/31d7c_next_dist_cfe6ce47._.js:2297
[ 5123680ms] [LOG] [Fast Refresh] done in 235ms @ http://localhost:3000/_next/static/chunks/31d7c_next_dist_cfe6ce47._.js:2297
[ 5124554ms] [LOG] [Fast Refresh] rebuilding @ http://localhost:3000/_next/static/chunks/31d7c_next_dist_cfe6ce47._.js:2297
[ 5124668ms] [LOG] [Fast Refresh] done in 215ms @ http://localhost:3000/_next/static/chunks/31d7c_next_dist_cfe6ce47._.js:2297
[ 5137736ms] [LOG] [Fast Refresh] rebuilding @ http://localhost:3000/_next/static/chunks/31d7c_next_dist_cfe6ce47._.js:2297
[ 5138441ms] [LOG] [Fast Refresh] done in 704ms @ http://localhost:3000/_next/static/chunks/31d7c_next_dist_cfe6ce47._.js:2297
[ 5159787ms] [LOG] [Fast Refresh] rebuilding @ http://localhost:3000/_next/static/chunks/31d7c_next_dist_cfe6ce47._.js:2297
[ 5159820ms] [LOG] [Fast Refresh] done in 140ms @ http://localhost:3000/_next/static/chunks/31d7c_next_dist_cfe6ce47._.js:2297
[ 5182140ms] [LOG] [Fast Refresh] rebuilding @ http://localhost:3000/_next/static/chunks/31d7c_next_dist_cfe6ce47._.js:2297
[ 5182140ms] [LOG] [Fast Refresh] done in 106ms @ http://localhost:3000/_next/static/chunks/31d7c_next_dist_cfe6ce47._.js:2297
[ 5193085ms] [LOG] [Fast Refresh] rebuilding @ http://localhost:3000/_next/static/chunks/31d7c_next_dist_cfe6ce47._.js:2297
[ 5193087ms] [LOG] [Fast Refresh] done in 104ms @ http://localhost:3000/_next/static/chunks/31d7c_next_dist_cfe6ce47._.js:2297
[ 5212855ms] [LOG] [Fast Refresh] rebuilding @ http://localhost:3000/_next/static/chunks/31d7c_next_dist_cfe6ce47._.js:2297
[ 5213414ms] [LOG] [Fast Refresh] done in 661ms @ http://localhost:3000/_next/static/chunks/31d7c_next_dist_cfe6ce47._.js:2297
[ 5238335ms] [LOG] [Fast Refresh] rebuilding @ http://localhost:3000/_next/static/chunks/31d7c_next_dist_cfe6ce47._.js:2297
[ 5238340ms] [LOG] [Fast Refresh] done in 107ms @ http://localhost:3000/_next/static/chunks/31d7c_next_dist_cfe6ce47._.js:2297
[ 5246181ms] [LOG] [Fast Refresh] rebuilding @ http://localhost:3000/_next/static/chunks/31d7c_next_dist_cfe6ce47._.js:2297
[ 5246835ms] [LOG] [Fast Refresh] done in 697ms @ http://localhost:3000/_next/static/chunks/31d7c_next_dist_cfe6ce47._.js:2297
[ 5246840ms] [LOG] [Fast Refresh] rebuilding @ http://localhost:3000/_next/static/chunks/31d7c_next_dist_cfe6ce47._.js:2297
[ 5246884ms] [LOG] [Fast Refresh] done in 12ms @ http://localhost:3000/_next/static/chunks/31d7c_next_dist_cfe6ce47._.js:2297
[ 5246984ms] [LOG] [Fast Refresh] rebuilding @ http://localhost:3000/_next/static/chunks/31d7c_next_dist_cfe6ce47._.js:2297
[ 5247100ms] [LOG] [Fast Refresh] done in 216ms @ http://localhost:3000/_next/static/chunks/31d7c_next_dist_cfe6ce47._.js:2297
[ 5251067ms] [LOG] [Fast Refresh] rebuilding @ http://localhost:3000/_next/static/chunks/31d7c_next_dist_cfe6ce47._.js:2297
[ 5252121ms] [LOG] [Fast Refresh] done in 1154ms @ http://localhost:3000/_next/static/chunks/31d7c_next_dist_cfe6ce47._.js:2297
[ 5252761ms] [LOG] [Fast Refresh] rebuilding @ http://localhost:3000/_next/static/chunks/31d7c_next_dist_cfe6ce47._.js:2297
[ 5252818ms] [LOG] [Fast Refresh] done in 158ms @ http://localhost:3000/_next/static/chunks/31d7c_next_dist_cfe6ce47._.js:2297
[ 5255628ms] [LOG] [Fast Refresh] rebuilding @ http://localhost:3000/_next/static/chunks/31d7c_next_dist_cfe6ce47._.js:2297
[ 5255672ms] [LOG] [Fast Refresh] done in 144ms @ http://localhost:3000/_next/static/chunks/31d7c_next_dist_cfe6ce47._.js:2297
[ 5260397ms] [LOG] [Fast Refresh] rebuilding @ http://localhost:3000/_next/static/chunks/31d7c_next_dist_cfe6ce47._.js:2297
[ 5260588ms] [LOG] [Fast Refresh] done in 282ms @ http://localhost:3000/_next/static/chunks/31d7c_next_dist_cfe6ce47._.js:2297
[ 5260782ms] [LOG] [Fast Refresh] rebuilding @ http://localhost:3000/_next/static/chunks/31d7c_next_dist_cfe6ce47._.js:2297
[ 5260820ms] [LOG] [Fast Refresh] done in 138ms @ http://localhost:3000/_next/static/chunks/31d7c_next_dist_cfe6ce47._.js:2297
[ 5262847ms] [LOG] [Fast Refresh] rebuilding @ http://localhost:3000/_next/static/chunks/31d7c_next_dist_cfe6ce47._.js:2297
[ 5262851ms] [LOG] [Fast Refresh] done in 106ms @ http://localhost:3000/_next/static/chunks/31d7c_next_dist_cfe6ce47._.js:2297
[ 5265350ms] [LOG] [Fast Refresh] rebuilding @ http://localhost:3000/_next/static/chunks/31d7c_next_dist_cfe6ce47._.js:2297
[ 5265763ms] [LOG] [Fast Refresh] done in 515ms @ http://localhost:3000/_next/static/chunks/31d7c_next_dist_cfe6ce47._.js:2297
[ 5273107ms] [LOG] [Fast Refresh] rebuilding @ http://localhost:3000/_next/static/chunks/31d7c_next_dist_cfe6ce47._.js:2297
[ 5273172ms] [LOG] [Fast Refresh] done in 147ms @ http://localhost:3000/_next/static/chunks/31d7c_next_dist_cfe6ce47._.js:2297
[ 5273340ms] [LOG] [Fast Refresh] rebuilding @ http://localhost:3000/_next/static/chunks/31d7c_next_dist_cfe6ce47._.js:2297
[ 5273428ms] [LOG] [Fast Refresh] done in 193ms @ http://localhost:3000/_next/static/chunks/31d7c_next_dist_cfe6ce47._.js:2297
[ 5273569ms] [LOG] [Fast Refresh] rebuilding @ http://localhost:3000/_next/static/chunks/31d7c_next_dist_cfe6ce47._.js:2297
[ 5273628ms] [LOG] [Fast Refresh] done in 159ms @ http://localhost:3000/_next/static/chunks/31d7c_next_dist_cfe6ce47._.js:2297
[ 5283907ms] [LOG] [Fast Refresh] rebuilding @ http://localhost:3000/_next/static/chunks/31d7c_next_dist_cfe6ce47._.js:2297
[ 5283942ms] [LOG] [Fast Refresh] done in 135ms @ http://localhost:3000/_next/static/chunks/31d7c_next_dist_cfe6ce47._.js:2297
[ 5285694ms] [LOG] [Fast Refresh] rebuilding @ http://localhost:3000/_next/static/chunks/31d7c_next_dist_cfe6ce47._.js:2297
[ 5285941ms] [LOG] [Fast Refresh] done in 331ms @ http://localhost:3000/_next/static/chunks/31d7c_next_dist_cfe6ce47._.js:2297
[ 5286163ms] [LOG] [Fast Refresh] rebuilding @ http://localhost:3000/_next/static/chunks/31d7c_next_dist_cfe6ce47._.js:2297
[ 5286238ms] [LOG] [Fast Refresh] done in 178ms @ http://localhost:3000/_next/static/chunks/31d7c_next_dist_cfe6ce47._.js:2297
[ 5286398ms] [LOG] [Fast Refresh] rebuilding @ http://localhost:3000/_next/static/chunks/31d7c_next_dist_cfe6ce47._.js:2297
[ 5286466ms] [LOG] [Fast Refresh] done in 168ms @ http://localhost:3000/_next/static/chunks/31d7c_next_dist_cfe6ce47._.js:2297
[ 5286961ms] [LOG] [Fast Refresh] rebuilding @ http://localhost:3000/_next/static/chunks/31d7c_next_dist_cfe6ce47._.js:2297
[ 5286962ms] [LOG] [Fast Refresh] done in 102ms @ http://localhost:3000/_next/static/chunks/31d7c_next_dist_cfe6ce47._.js:2297
[ 5341291ms] [LOG] [Fast Refresh] rebuilding @ http://localhost:3000/_next/static/chunks/31d7c_next_dist_cfe6ce47._.js:2297
[ 5341369ms] [LOG] [Fast Refresh] done in 183ms @ http://localhost:3000/_next/static/chunks/31d7c_next_dist_cfe6ce47._.js:2297
[ 5379283ms] [LOG] [Fast Refresh] rebuilding @ http://localhost:3000/_next/static/chunks/31d7c_next_dist_cfe6ce47._.js:2297
[ 5379356ms] [LOG] [Fast Refresh] done in 180ms @ http://localhost:3000/_next/static/chunks/31d7c_next_dist_cfe6ce47._.js:2297
[ 5380918ms] [LOG] [Fast Refresh] rebuilding @ http://localhost:3000/_next/static/chunks/31d7c_next_dist_cfe6ce47._.js:2297
[ 5380960ms] [LOG] [Fast Refresh] done in 142ms @ http://localhost:3000/_next/static/chunks/31d7c_next_dist_cfe6ce47._.js:2297
[ 5544656ms] [LOG] [Fast Refresh] rebuilding @ http://localhost:3000/_next/static/chunks/31d7c_next_dist_cfe6ce47._.js:2297
[ 5544718ms] [LOG] [Fast Refresh] done in 168ms @ http://localhost:3000/_next/static/chunks/31d7c_next_dist_cfe6ce47._.js:2297
